c:\users\oldcold\source\repos\telebot\x64\release\vc142.pdb
c:\users\oldcold\source\repos\telebot\x64\release\tgapi.obj
c:\users\oldcold\source\repos\telebot\x64\release\mes_json.obj
c:\users\oldcold\source\repos\telebot\x64\release\example.obj
c:\users\oldcold\source\repos\telebot\x64\release\telebot.exe
c:\users\oldcold\source\repos\telebot\x64\release\telebot.ilk
c:\users\oldcold\source\repos\telebot\x64\release\telebot.pdb
c:\users\oldcold\source\repos\telebot\x64\release\vcpkg.applocal.log
c:\users\oldcold\source\repos\telebot\x64\release\libcurl.dll
c:\users\oldcold\source\repos\telebot\x64\release\zlib1.dll
c:\users\oldcold\source\repos\telebot\x64\release\telebot.tlog\cl.command.1.tlog
c:\users\oldcold\source\repos\telebot\x64\release\telebot.tlog\cl.read.1.tlog
c:\users\oldcold\source\repos\telebot\x64\release\telebot.tlog\cl.write.1.tlog
c:\users\oldcold\source\repos\telebot\x64\release\telebot.tlog\link.11468.delete.1.tlog
c:\users\oldcold\source\repos\telebot\x64\release\telebot.tlog\link.12164.delete.1.tlog
c:\users\oldcold\source\repos\telebot\x64\release\telebot.tlog\link.13060.delete.1.tlog
c:\users\oldcold\source\repos\telebot\x64\release\telebot.tlog\link.13420.delete.1.tlog
c:\users\oldcold\source\repos\telebot\x64\release\telebot.tlog\link.14804.delete.1.tlog
c:\users\oldcold\source\repos\telebot\x64\release\telebot.tlog\link.15032.delete.1.tlog
c:\users\oldcold\source\repos\telebot\x64\release\telebot.tlog\link.15144.delete.1.tlog
c:\users\oldcold\source\repos\telebot\x64\release\telebot.tlog\link.15364.delete.1.tlog
c:\users\oldcold\source\repos\telebot\x64\release\telebot.tlog\link.15836.delete.1.tlog
c:\users\oldcold\source\repos\telebot\x64\release\telebot.tlog\link.16456.delete.1.tlog
c:\users\oldcold\source\repos\telebot\x64\release\telebot.tlog\link.17120.delete.1.tlog
c:\users\oldcold\source\repos\telebot\x64\release\telebot.tlog\link.17192.delete.1.tlog
c:\users\oldcold\source\repos\telebot\x64\release\telebot.tlog\link.17312.delete.1.tlog
c:\users\oldcold\source\repos\telebot\x64\release\telebot.tlog\link.17516.delete.1.tlog
c:\users\oldcold\source\repos\telebot\x64\release\telebot.tlog\link.17724.delete.1.tlog
c:\users\oldcold\source\repos\telebot\x64\release\telebot.tlog\link.18132.delete.1.tlog
c:\users\oldcold\source\repos\telebot\x64\release\telebot.tlog\link.18408.delete.1.tlog
c:\users\oldcold\source\repos\telebot\x64\release\telebot.tlog\link.4864.delete.1.tlog
c:\users\oldcold\source\repos\telebot\x64\release\telebot.tlog\link.4880.delete.1.tlog
c:\users\oldcold\source\repos\telebot\x64\release\telebot.tlog\link.5136.delete.1.tlog
c:\users\oldcold\source\repos\telebot\x64\release\telebot.tlog\link.7280.delete.1.tlog
c:\users\oldcold\source\repos\telebot\x64\release\telebot.tlog\link.8.delete.1.tlog
c:\users\oldcold\source\repos\telebot\x64\release\telebot.tlog\link.8936.delete.1.tlog
c:\users\oldcold\source\repos\telebot\x64\release\telebot.tlog\link.command.1.tlog
c:\users\oldcold\source\repos\telebot\x64\release\telebot.tlog\link.read.1.tlog
c:\users\oldcold\source\repos\telebot\x64\release\telebot.tlog\link.write.1.tlog
c:\users\oldcold\source\repos\telebot\x64\release\telebot.tlog\telebot.write.1u.tlog
